\BOOKMARK [0][-]{chapter*.5}{\332vod}{}% 1
\BOOKMARK [0][-]{chapter.1}{Vymezen\355 pojmu}{}% 2
\BOOKMARK [1][-]{section.1.1}{CSS framework}{chapter.1}% 3
\BOOKMARK [1][-]{section.1.2}{CSS preprocesor}{chapter.1}% 4
\BOOKMARK [0][-]{chapter.2}{Motivace}{}% 5
\BOOKMARK [1][-]{section.2.1}{Soucasn\375 stav problematiky}{chapter.2}% 6
\BOOKMARK [1][-]{section.2.2}{Probl\351m volby}{chapter.2}% 7
\BOOKMARK [0][-]{chapter.3}{Krit\351ria a hlediska testov\341n\355}{}% 8
\BOOKMARK [1][-]{section.3.1}{Layout}{chapter.3}% 9
\BOOKMARK [1][-]{section.3.2}{Responzivn\355 web design}{chapter.3}% 10
\BOOKMARK [1][-]{section.3.3}{Typografie}{chapter.3}% 11
\BOOKMARK [1][-]{section.3.4}{Ovl\341dac\355 prvky a formul\341re}{chapter.3}% 12
\BOOKMARK [0][-]{chapter.4}{Testov\341n\355 frameworku}{}% 13
\BOOKMARK [1][-]{section.4.1}{Rozdelen\355 frameworku podle zameren\355}{chapter.4}% 14
\BOOKMARK [1][-]{section.4.2}{CSS frameworky v praxi}{chapter.4}% 15
\BOOKMARK [1][-]{section.4.3}{N\341vrh a realizace komponenty do CSS frameworku}{chapter.4}% 16
\BOOKMARK [0][-]{chapter.5}{CSS preprocesory}{}% 17
\BOOKMARK [1][-]{section.5.1}{\332vod do problematiky preprocesoru}{chapter.5}% 18
\BOOKMARK [1][-]{section.5.2}{Kompilace a pou\236it\355}{chapter.5}% 19
\BOOKMARK [1][-]{section.5.3}{Hodnocen\355 CSS preprocesoru}{chapter.5}% 20
\BOOKMARK [1][-]{section.5.4}{Integrace CSS preprocesoru do CMS syst\351mu}{chapter.5}% 21
\BOOKMARK [0][-]{chapter*.34}{Z\341ver}{}% 22
\BOOKMARK [0][-]{section*.36}{Literatura}{}% 23
\BOOKMARK [0][-]{appendix.A}{Obr\341zky}{}% 24
\BOOKMARK [0][-]{section*.37}{Acronyms}{}% 25
\BOOKMARK [0][-]{appendix.B}{Obsah prilo\236en\351ho CD}{}% 26
